\BOOKMARK [1][-]{section.1}{Einleitung}{}% 1
\BOOKMARK [1][-]{section.2}{Algorithmen zum kollaborativen Filtern}{}% 2
\BOOKMARK [2][-]{subsection.2.1}{User-basierte Algorithmen}{section.2}% 3
\BOOKMARK [3][-]{subsubsection.2.1.1}{Euklidische Distanz}{subsection.2.1}% 4
\BOOKMARK [3][-]{subsubsection.2.1.2}{Pearson Correlation Coefficient}{subsection.2.1}% 5
\BOOKMARK [3][-]{subsubsection.2.1.3}{Floyd-Warshall}{subsection.2.1}% 6
\BOOKMARK [3][-]{subsubsection.2.1.4}{Local-User-Similarity-Global-User-Similarity}{subsection.2.1}% 7
\BOOKMARK [2][-]{subsection.2.2}{Item-basierte Algorithmen}{section.2}% 8
\BOOKMARK [3][-]{subsubsection.2.2.1}{Adjusted Cosine Similarity}{subsection.2.2}% 9
\BOOKMARK [3][-]{subsubsection.2.2.2}{Slope One}{subsection.2.2}% 10
\BOOKMARK [1][-]{section.3}{Vorhersage zu der Filmdatenbank MovieLens}{}% 11
\BOOKMARK [2][-]{subsection.3.1}{Filmdatenbank Movielens}{section.3}% 12
\BOOKMARK [2][-]{subsection.3.2}{Aufteilung der Datenmenge in Test- und Trainingsdaten}{section.3}% 13
\BOOKMARK [2][-]{subsection.3.3}{Matrix mit niedrigem Rang}{section.3}% 14
\BOOKMARK [2][-]{subsection.3.4}{Berechnung des Fehlers}{section.3}% 15
\BOOKMARK [1][-]{section.4}{Vergleich verschiedener Algorithmen}{}% 16
\BOOKMARK [2][-]{subsection.4.1}{Wahl der Parameter}{section.4}% 17
\BOOKMARK [3][-]{subsubsection.4.1.1}{Vergleich der drei Euklid Varianten}{subsection.4.1}% 18
\BOOKMARK [3][-]{subsubsection.4.1.2}{Wahl von k bei den kNN im Pearson Algorithmus}{subsection.4.1}% 19
\BOOKMARK [3][-]{subsubsection.4.1.3}{Wahl von k bei den kNN im Floyd Warshall Algorithmus}{subsection.4.1}% 20
\BOOKMARK [3][-]{subsubsection.4.1.4}{Wahl von a beim LUS-GUS Algorithmus}{subsection.4.1}% 21
\BOOKMARK [2][-]{subsection.4.2}{Auswertung der Fehlerberechnung}{section.4}% 22
\BOOKMARK [1][-]{appendix.A}{Anhang: Quellcode}{}% 23
\BOOKMARK [2][-]{subsection.A.1}{\334bersicht aller Funktionen}{appendix.A}% 24
\BOOKMARK [2][-]{subsection.A.2}{Quellcode}{appendix.A}% 25
\BOOKMARK [1][-]{section*.12}{Literatur}{}% 26
\BOOKMARK [1][-]{section*.13}{Abbildungsverzeichnis}{}% 27
\BOOKMARK [1][-]{section*.14}{Tabellenverzeichnis}{}% 28
